<?xml version="1.0" encoding="UTF-8"?>
<!-- Generated by org.testng.reporters.JUnitXMLReporter -->
<testsuite ignored="2" hostname="Laptop-Sabir" failures="0" tests="2" name="ChromeTest" time="25.688" errors="0" timestamp="2025-04-04T12:17:12 IST">
  <testcase classname="testScripts.VerifyInventory" name="verifyInv" time="9.26"/>
  <testcase classname="testScripts.Verify" name="verifyIn" time="9.026"/>
  <testcase classname="generic_Utility.BaseClass" name="@BeforeSuite bsConfig" time="0.0">
    <ignored/>
  </testcase> <!-- @BeforeSuite bsConfig -->
  <testcase classname="generic_Utility.BaseClass" name="@AfterTest atConfig" time="0.0">
    <ignored/>
  </testcase> <!-- @AfterTest atConfig -->
</testsuite> <!-- ChromeTest -->
