<?xml version="1.0" encoding="UTF-8"?>
<!-- Generated by org.testng.reporters.JUnitXMLReporter -->
<testsuite ignored="2" hostname="Laptop-Sabir" failures="0" tests="2" name="Test" time="15.955" errors="0" timestamp="2025-04-04T11:15:09 IST">
  <testcase classname="testScripts.VerifyInventory" name="verifyInv" time="4.499"/>
  <testcase classname="testScripts.Verify" name="verifyIn" time="4.559"/>
  <testcase classname="generic_Utility.BaseClass" name="@BeforeSuite bsConfig" time="0.0">
    <ignored/>
  </testcase> <!-- @BeforeSuite bsConfig -->
  <testcase classname="generic_Utility.BaseClass" name="@AfterTest atConfig" time="0.0">
    <ignored/>
  </testcase> <!-- @AfterTest atConfig -->
</testsuite> <!-- Test -->
