<?xml version="1.0" encoding="UTF-8"?>
<testng-results ignored="0" total="1" passed="1" failed="0" skipped="0">
  <reporter-output>
  </reporter-output>
  <suite started-at="2025-04-04T13:00:32 IST" name="Default suite" finished-at="2025-04-04T13:00:42 IST" duration-ms="9372">
    <groups>
    </groups>
    <test started-at="2025-04-04T13:00:32 IST" name="Default test" finished-at="2025-04-04T13:00:42 IST" duration-ms="9372">
      <class name="testScripts.VerifyInventory">
        <test-method is-config="true" signature="bsConfig()[pri:0, instance:testScripts.VerifyInventory@47eaca72]" started-at="2025-04-04T13:00:32 IST" name="bsConfig" finished-at="2025-04-04T13:00:32 IST" duration-ms="21" status="PASS">
          <reporter-output>
          </reporter-output>
        </test-method> <!-- bsConfig -->
        <test-method is-config="true" signature="bcConfig()[pri:0, instance:testScripts.VerifyInventory@47eaca72]" started-at="2025-04-04T13:00:32 IST" name="bcConfig" finished-at="2025-04-04T13:00:37 IST" duration-ms="4851" status="PASS">
          <reporter-output>
          </reporter-output>
        </test-method> <!-- bcConfig -->
        <test-method is-config="true" signature="bmConfig()[pri:0, instance:testScripts.VerifyInventory@47eaca72]" started-at="2025-04-04T13:00:37 IST" name="bmConfig" finished-at="2025-04-04T13:00:38 IST" duration-ms="813" status="PASS">
          <reporter-output>
          </reporter-output>
        </test-method> <!-- bmConfig -->
        <test-method signature="verifyInv()[pri:0, instance:testScripts.VerifyInventory@47eaca72]" started-at="2025-04-04T13:00:38 IST" name="verifyInv" finished-at="2025-04-04T13:00:41 IST" duration-ms="3008" status="PASS">
          <reporter-output>
          </reporter-output>
        </test-method> <!-- verifyInv -->
        <test-method is-config="true" signature="amConfig()[pri:0, instance:testScripts.VerifyInventory@47eaca72]" started-at="2025-04-04T13:00:41 IST" name="amConfig" finished-at="2025-04-04T13:00:41 IST" duration-ms="264" status="PASS">
          <reporter-output>
          </reporter-output>
        </test-method> <!-- amConfig -->
        <test-method is-config="true" signature="acConfig()[pri:0, instance:testScripts.VerifyInventory@47eaca72]" started-at="2025-04-04T13:00:41 IST" name="acConfig" finished-at="2025-04-04T13:00:42 IST" duration-ms="369" status="PASS">
          <reporter-output>
          </reporter-output>
        </test-method> <!-- acConfig -->
        <test-method is-config="true" signature="atConfig()[pri:0, instance:testScripts.VerifyInventory@47eaca72]" started-at="2025-04-04T13:00:42 IST" name="atConfig" finished-at="2025-04-04T13:00:42 IST" duration-ms="1" status="PASS">
          <reporter-output>
          </reporter-output>
        </test-method> <!-- atConfig -->
      </class> <!-- testScripts.VerifyInventory -->
    </test> <!-- Default test -->
  </suite> <!-- Default suite -->
</testng-results>
